<?xml version="1.0" encoding="UTF-8"?>
<!-- Generated by org.testng.reporters.JUnitXMLReporter -->
<testsuite ignored="0" hostname="DELL" failures="0" tests="3" name="Regression Suite" time="42.806" errors="0" timestamp="2023-05-23T15:12:56 IST">
  <testcase classname="com.orangehrmai.testcases.OrangeHRMTestCases" name="adminLoginAndLogoutValidation" time="5.916"/>
  <testcase classname="com.orangehrmai.testcases.OrangeHRMTestCases" name="addNewEmployee" time="21.759"/>
  <testcase classname="com.orangehrmai.testcases.OrangeHRMTestCases" name="employeeLoginAndLogoutValidation" time="14.305"/>
</testsuite> <!-- Regression Suite -->
