<?xml version="1.0" encoding="UTF-8"?>
<!-- Generated by org.testng.reporters.JUnitXMLReporter -->
<testsuite ignored="0" hostname="DELL" failures="0" tests="3" name="Regression Suite" time="39.349" errors="0" timestamp="2023-05-23T12:32:09 IST">
  <testcase classname="com.orangehrmai.testcases.OrangeHRMTestCases" name="adminLoginAndLogoutValidation" time="6.13"/>
  <testcase classname="com.orangehrmai.testcases.OrangeHRMTestCases" name="addNewEmployee" time="17.023"/>
  <testcase classname="com.orangehrmai.testcases.OrangeHRMTestCases" name="employeeLoginAndLogoutValidation" time="15.595"/>
</testsuite> <!-- Regression Suite -->
