<?xml version="1.0" encoding="UTF-8"?>
<testng-results ignored="0" total="3" passed="3" failed="0" skipped="0">
  <reporter-output>
    <line>
      <![CDATA[Configuration File Loaded Successfully]]>
    </line>
    <line>
      <![CDATA[User logged in Successfully]]>
    </line>
    <line>
      <![CDATA[Dashboard Heading is displayed]]>
    </line>
    <line>
      <![CDATA[User Logged Out Successfully]]>
    </line>
    <line>
      <![CDATA[Login Heading is displayed]]>
    </line>
    <line>
      <![CDATA[User logged in Successfully]]>
    </line>
    <line>
      <![CDATA[Dashboard Heading is displayed]]>
    </line>
    <line>
      <![CDATA[PIM Heading is displayed]]>
    </line>
    <line>
      <![CDATA[New Employee Added Successfully]]>
    </line>
    <line>
      <![CDATA[New Employee name is not displayed]]>
    </line>
    <line>
      <![CDATA[User Logged Out Successfully]]>
    </line>
    <line>
      <![CDATA[User logged in Successfully]]>
    </line>
    <line>
      <![CDATA[Employee name is not displayed]]>
    </line>
    <line>
      <![CDATA[User Logged Out Successfully]]>
    </line>
    <line>
      <![CDATA[Login Heading is displayed]]>
    </line>
    <line>
      <![CDATA[Application Closed Successfully]]>
    </line>
  </reporter-output>
  <suite started-at="2023-05-23T15:12:12 IST" name="Orange HRM Automation Suite" finished-at="2023-05-23T15:12:55 IST" duration-ms="42806">
    <groups>
    </groups>
    <test started-at="2023-05-23T15:12:12 IST" name="Regression Suite" finished-at="2023-05-23T15:12:55 IST" duration-ms="42806">
      <class name="com.orangehrmai.testcases.OrangeHRMTestCases">
        <test-method is-config="true" signature="setUp()[pri:0, instance:com.orangehrmai.testcases.OrangeHRMTestCases@f9879ac]" started-at="2023-05-23T15:12:02 IST" name="setUp" finished-at="2023-05-23T15:12:12 IST" duration-ms="10008" status="PASS">
          <reporter-output>
            <line>
              <![CDATA[Configuration File Loaded Successfully]]>
            </line>
          </reporter-output>
        </test-method> <!-- setUp -->
        <test-method is-config="true" signature="readData()[pri:0, instance:com.orangehrmai.testcases.OrangeHRMTestCases@f9879ac]" started-at="2023-05-23T15:12:12 IST" name="readData" finished-at="2023-05-23T15:12:12 IST" duration-ms="2" status="PASS">
          <reporter-output>
          </reporter-output>
        </test-method> <!-- readData -->
        <test-method signature="adminLoginAndLogoutValidation()[pri:1, instance:com.orangehrmai.testcases.OrangeHRMTestCases@f9879ac]" started-at="2023-05-23T15:12:12 IST" name="adminLoginAndLogoutValidation" finished-at="2023-05-23T15:12:18 IST" duration-ms="5916" status="PASS">
          <reporter-output>
            <line>
              <![CDATA[User logged in Successfully]]>
            </line>
            <line>
              <![CDATA[Dashboard Heading is displayed]]>
            </line>
            <line>
              <![CDATA[User Logged Out Successfully]]>
            </line>
            <line>
              <![CDATA[Login Heading is displayed]]>
            </line>
          </reporter-output>
        </test-method> <!-- adminLoginAndLogoutValidation -->
        <test-method signature="addNewEmployee()[pri:2, instance:com.orangehrmai.testcases.OrangeHRMTestCases@f9879ac]" started-at="2023-05-23T15:12:19 IST" name="addNewEmployee" finished-at="2023-05-23T15:12:40 IST" duration-ms="21759" status="PASS">
          <reporter-output>
            <line>
              <![CDATA[User logged in Successfully]]>
            </line>
            <line>
              <![CDATA[Dashboard Heading is displayed]]>
            </line>
            <line>
              <![CDATA[PIM Heading is displayed]]>
            </line>
            <line>
              <![CDATA[New Employee Added Successfully]]>
            </line>
            <line>
              <![CDATA[New Employee name is not displayed]]>
            </line>
            <line>
              <![CDATA[User Logged Out Successfully]]>
            </line>
          </reporter-output>
        </test-method> <!-- addNewEmployee -->
        <test-method signature="employeeLoginAndLogoutValidation()[pri:3, instance:com.orangehrmai.testcases.OrangeHRMTestCases@f9879ac]" started-at="2023-05-23T15:12:41 IST" name="employeeLoginAndLogoutValidation" finished-at="2023-05-23T15:12:55 IST" duration-ms="14305" status="PASS">
          <reporter-output>
            <line>
              <![CDATA[User logged in Successfully]]>
            </line>
            <line>
              <![CDATA[Employee name is not displayed]]>
            </line>
            <line>
              <![CDATA[User Logged Out Successfully]]>
            </line>
            <line>
              <![CDATA[Login Heading is displayed]]>
            </line>
          </reporter-output>
        </test-method> <!-- employeeLoginAndLogoutValidation -->
        <test-method is-config="true" signature="tearDown()[pri:0, instance:com.orangehrmai.testcases.OrangeHRMTestCases@f9879ac]" started-at="2023-05-23T15:12:56 IST" name="tearDown" finished-at="2023-05-23T15:12:56 IST" duration-ms="414" status="PASS">
          <reporter-output>
            <line>
              <![CDATA[Application Closed Successfully]]>
            </line>
          </reporter-output>
        </test-method> <!-- tearDown -->
      </class> <!-- com.orangehrmai.testcases.OrangeHRMTestCases -->
    </test> <!-- Regression Suite -->
  </suite> <!-- Orange HRM Automation Suite -->
</testng-results>
